

----------------------------------------
checking for C compiler


----------------------------------------
checking for gcc -pipe switch


----------------------------------------
checking for --with-ld-opt="--sysroot=/Users/lixingkun/Library/Android/sdk/ndk-bundle/platforms/android-21/arch-arm -pie -fPIE"


----------------------------------------
checking for -Wl,-E switch


----------------------------------------
checking for gcc builtin atomic operations


----------------------------------------
checking for C99 variadic macros


----------------------------------------
checking for gcc variadic macros


----------------------------------------
checking for gcc builtin 64 bit byteswap


----------------------------------------
checking for unistd.h


----------------------------------------
checking for inttypes.h


----------------------------------------
checking for limits.h


----------------------------------------
checking for sys/filio.h

objs/autotest.c:3:23: fatal error: sys/filio.h: No such file or directory
 #include <sys/filio.h>
                       ^
compilation terminated.
----------


#include <sys/filio.h>

int main(void) {
    return 0;
}

----------
/Users/lixingkun/Library/Android/sdk/ndk-bundle/toolchains/arm-linux-androideabi-4.9/prebuilt/darwin-x86_64/bin/arm-linux-androideabi-gcc --sysroot=/Users/lixingkun/Library/Android/sdk/ndk-bundle/platforms/android-21/arch-arm -o objs/autotest objs/autotest.c
----------

----------------------------------------
checking for sys/param.h


----------------------------------------
checking for sys/mount.h


----------------------------------------
checking for sys/statvfs.h


----------------------------------------
checking for crypt.h

objs/autotest.c:3:19: fatal error: crypt.h: No such file or directory
 #include <crypt.h>
                   ^
compilation terminated.
----------

#include <sys/param.h>
#include <crypt.h>

int main(void) {
    return 0;
}

----------
/Users/lixingkun/Library/Android/sdk/ndk-bundle/toolchains/arm-linux-androideabi-4.9/prebuilt/darwin-x86_64/bin/arm-linux-androideabi-gcc --sysroot=/Users/lixingkun/Library/Android/sdk/ndk-bundle/platforms/android-21/arch-arm -o objs/autotest objs/autotest.c
----------

----------------------------------------
checking for poll()


----------------------------------------
checking for /dev/poll

objs/autotest.c:4:25: fatal error: sys/devpoll.h: No such file or directory
 #include <sys/devpoll.h>
                         ^
compilation terminated.
----------

#include <sys/types.h>
#include <unistd.h>
#include <sys/devpoll.h>

int main(void) {
    int  n, dp; struct dvpoll  dvp;
                  dp = 0;
                  dvp.dp_fds = NULL;
                  dvp.dp_nfds = 0;
                  dvp.dp_timeout = 0;
                  n = ioctl(dp, DP_POLL, &dvp);
                  if (n == -1) return 1;
    return 0;
}

----------
/Users/lixingkun/Library/Android/sdk/ndk-bundle/toolchains/arm-linux-androideabi-4.9/prebuilt/darwin-x86_64/bin/arm-linux-androideabi-gcc --sysroot=/Users/lixingkun/Library/Android/sdk/ndk-bundle/platforms/android-21/arch-arm -Wno-sign-compare -pie -fPIE --sysroot=/Users/lixingkun/Library/Android/sdk/ndk-bundle/platforms/android-21/arch-arm -o objs/autotest objs/autotest.c --sysroot=/Users/lixingkun/Library/Android/sdk/ndk-bundle/platforms/android-21/arch-arm -pie -fPIE
----------

----------------------------------------
checking for kqueue

objs/autotest.c:4:23: fatal error: sys/event.h: No such file or directory
 #include <sys/event.h>
                       ^
compilation terminated.
----------

#include <sys/types.h>
#include <unistd.h>
#include <sys/event.h>

int main(void) {
    (void) kqueue();
    return 0;
}

----------
/Users/lixingkun/Library/Android/sdk/ndk-bundle/toolchains/arm-linux-androideabi-4.9/prebuilt/darwin-x86_64/bin/arm-linux-androideabi-gcc --sysroot=/Users/lixingkun/Library/Android/sdk/ndk-bundle/platforms/android-21/arch-arm -Wno-sign-compare -pie -fPIE --sysroot=/Users/lixingkun/Library/Android/sdk/ndk-bundle/platforms/android-21/arch-arm -o objs/autotest objs/autotest.c --sysroot=/Users/lixingkun/Library/Android/sdk/ndk-bundle/platforms/android-21/arch-arm -pie -fPIE
----------

----------------------------------------
checking for crypt()

/var/folders/y3/s8t30qdx7bd5c38cx1ytqk040000gn/T//ccQhl7gR.o:autotest.c:function main: error: undefined reference to 'crypt'
collect2: error: ld returned 1 exit status
----------

#include <sys/types.h>
#include <unistd.h>


int main(void) {
    crypt("test", "salt");;
    return 0;
}

----------
/Users/lixingkun/Library/Android/sdk/ndk-bundle/toolchains/arm-linux-androideabi-4.9/prebuilt/darwin-x86_64/bin/arm-linux-androideabi-gcc --sysroot=/Users/lixingkun/Library/Android/sdk/ndk-bundle/platforms/android-21/arch-arm -Wno-sign-compare -pie -fPIE --sysroot=/Users/lixingkun/Library/Android/sdk/ndk-bundle/platforms/android-21/arch-arm -o objs/autotest objs/autotest.c --sysroot=/Users/lixingkun/Library/Android/sdk/ndk-bundle/platforms/android-21/arch-arm -pie -fPIE
----------

----------------------------------------
checking for crypt() in libcrypt

/Users/lixingkun/Library/Android/sdk/ndk-bundle/toolchains/arm-linux-androideabi-4.9/prebuilt/darwin-x86_64/bin/../lib/gcc/arm-linux-androideabi/4.9.x/../../../../arm-linux-androideabi/bin/ld: error: cannot find -lcrypt
/var/folders/y3/s8t30qdx7bd5c38cx1ytqk040000gn/T//ccdLNmjM.o:autotest.c:function main: error: undefined reference to 'crypt'
collect2: error: ld returned 1 exit status
----------

#include <sys/types.h>
#include <unistd.h>


int main(void) {
    crypt("test", "salt");;
    return 0;
}

----------
/Users/lixingkun/Library/Android/sdk/ndk-bundle/toolchains/arm-linux-androideabi-4.9/prebuilt/darwin-x86_64/bin/arm-linux-androideabi-gcc --sysroot=/Users/lixingkun/Library/Android/sdk/ndk-bundle/platforms/android-21/arch-arm -Wno-sign-compare -pie -fPIE --sysroot=/Users/lixingkun/Library/Android/sdk/ndk-bundle/platforms/android-21/arch-arm -o objs/autotest objs/autotest.c --sysroot=/Users/lixingkun/Library/Android/sdk/ndk-bundle/platforms/android-21/arch-arm -pie -fPIE -lcrypt
----------

----------------------------------------
checking for F_READAHEAD

objs/autotest.c: In function 'main':
objs/autotest.c:7:14: error: 'F_READAHEAD' undeclared (first use in this function)
     fcntl(0, F_READAHEAD, 1);;
              ^
objs/autotest.c:7:14: note: each undeclared identifier is reported only once for each function it appears in
----------

#include <sys/types.h>
#include <unistd.h>
#include <fcntl.h>

int main(void) {
    fcntl(0, F_READAHEAD, 1);;
    return 0;
}

----------
/Users/lixingkun/Library/Android/sdk/ndk-bundle/toolchains/arm-linux-androideabi-4.9/prebuilt/darwin-x86_64/bin/arm-linux-androideabi-gcc --sysroot=/Users/lixingkun/Library/Android/sdk/ndk-bundle/platforms/android-21/arch-arm -Wno-sign-compare -pie -fPIE --sysroot=/Users/lixingkun/Library/Android/sdk/ndk-bundle/platforms/android-21/arch-arm -o objs/autotest objs/autotest.c --sysroot=/Users/lixingkun/Library/Android/sdk/ndk-bundle/platforms/android-21/arch-arm -pie -fPIE
----------

----------------------------------------
checking for posix_fadvise()


----------------------------------------
checking for O_DIRECT


----------------------------------------
checking for F_NOCACHE

objs/autotest.c: In function 'main':
objs/autotest.c:7:14: error: 'F_NOCACHE' undeclared (first use in this function)
     fcntl(0, F_NOCACHE, 1);;
              ^
objs/autotest.c:7:14: note: each undeclared identifier is reported only once for each function it appears in
----------

#include <sys/types.h>
#include <unistd.h>
#include <fcntl.h>

int main(void) {
    fcntl(0, F_NOCACHE, 1);;
    return 0;
}

----------
/Users/lixingkun/Library/Android/sdk/ndk-bundle/toolchains/arm-linux-androideabi-4.9/prebuilt/darwin-x86_64/bin/arm-linux-androideabi-gcc --sysroot=/Users/lixingkun/Library/Android/sdk/ndk-bundle/platforms/android-21/arch-arm -Wno-sign-compare -pie -fPIE --sysroot=/Users/lixingkun/Library/Android/sdk/ndk-bundle/platforms/android-21/arch-arm -o objs/autotest objs/autotest.c --sysroot=/Users/lixingkun/Library/Android/sdk/ndk-bundle/platforms/android-21/arch-arm -pie -fPIE
----------

----------------------------------------
checking for directio()

objs/autotest.c:5:41: fatal error: sys/fcntl.h: No such file or directory
                   #include <sys/fcntl.h>
                                         ^
compilation terminated.
----------

#include <sys/types.h>
#include <unistd.h>
#include <sys/types.h>
                  #include <sys/fcntl.h>

int main(void) {
    directio(0, DIRECTIO_ON);;
    return 0;
}

----------
/Users/lixingkun/Library/Android/sdk/ndk-bundle/toolchains/arm-linux-androideabi-4.9/prebuilt/darwin-x86_64/bin/arm-linux-androideabi-gcc --sysroot=/Users/lixingkun/Library/Android/sdk/ndk-bundle/platforms/android-21/arch-arm -Wno-sign-compare -pie -fPIE --sysroot=/Users/lixingkun/Library/Android/sdk/ndk-bundle/platforms/android-21/arch-arm -o objs/autotest objs/autotest.c --sysroot=/Users/lixingkun/Library/Android/sdk/ndk-bundle/platforms/android-21/arch-arm -pie -fPIE
----------

----------------------------------------
checking for statfs()

objs/autotest.c: In function 'main':
objs/autotest.c:9:20: error: storage size of 'fs' isn't known
     struct statfs  fs;
                    ^
----------

#include <sys/types.h>
#include <unistd.h>
#include <sys/param.h>
                  #include <sys/mount.h>
                  

int main(void) {
    struct statfs  fs;
                  statfs(".", &fs);;
    return 0;
}

----------
/Users/lixingkun/Library/Android/sdk/ndk-bundle/toolchains/arm-linux-androideabi-4.9/prebuilt/darwin-x86_64/bin/arm-linux-androideabi-gcc --sysroot=/Users/lixingkun/Library/Android/sdk/ndk-bundle/platforms/android-21/arch-arm -Wno-sign-compare -pie -fPIE --sysroot=/Users/lixingkun/Library/Android/sdk/ndk-bundle/platforms/android-21/arch-arm -o objs/autotest objs/autotest.c --sysroot=/Users/lixingkun/Library/Android/sdk/ndk-bundle/platforms/android-21/arch-arm -pie -fPIE
----------

----------------------------------------
checking for statvfs()


----------------------------------------
checking for dlopen()


----------------------------------------
checking for sched_yield()


----------------------------------------
checking for sched_setaffinity()

objs/autotest.c: In function 'main':
objs/autotest.c:7:5: error: unknown type name 'cpu_set_t'
     cpu_set_t mask;
     ^
objs/autotest.c:9:47: error: 'cpu_set_t' undeclared (first use in this function)
                   sched_setaffinity(0, sizeof(cpu_set_t), &mask);
                                               ^
objs/autotest.c:9:47: note: each undeclared identifier is reported only once for each function it appears in
----------

#include <sys/types.h>
#include <unistd.h>
#include <sched.h>

int main(void) {
    cpu_set_t mask;
                  CPU_ZERO(&mask);
                  sched_setaffinity(0, sizeof(cpu_set_t), &mask);
    return 0;
}

----------
/Users/lixingkun/Library/Android/sdk/ndk-bundle/toolchains/arm-linux-androideabi-4.9/prebuilt/darwin-x86_64/bin/arm-linux-androideabi-gcc --sysroot=/Users/lixingkun/Library/Android/sdk/ndk-bundle/platforms/android-21/arch-arm -Wno-sign-compare -pie -fPIE --sysroot=/Users/lixingkun/Library/Android/sdk/ndk-bundle/platforms/android-21/arch-arm -o objs/autotest objs/autotest.c --sysroot=/Users/lixingkun/Library/Android/sdk/ndk-bundle/platforms/android-21/arch-arm -pie -fPIE
----------

----------------------------------------
checking for SO_SETFIB

objs/autotest.c: In function 'main':
objs/autotest.c:7:31: error: 'SO_SETFIB' undeclared (first use in this function)
     setsockopt(0, SOL_SOCKET, SO_SETFIB, NULL, 0);
                               ^
objs/autotest.c:7:31: note: each undeclared identifier is reported only once for each function it appears in
----------

#include <sys/types.h>
#include <unistd.h>
#include <sys/socket.h>

int main(void) {
    setsockopt(0, SOL_SOCKET, SO_SETFIB, NULL, 0);
    return 0;
}

----------
/Users/lixingkun/Library/Android/sdk/ndk-bundle/toolchains/arm-linux-androideabi-4.9/prebuilt/darwin-x86_64/bin/arm-linux-androideabi-gcc --sysroot=/Users/lixingkun/Library/Android/sdk/ndk-bundle/platforms/android-21/arch-arm -Wno-sign-compare -pie -fPIE --sysroot=/Users/lixingkun/Library/Android/sdk/ndk-bundle/platforms/android-21/arch-arm -o objs/autotest objs/autotest.c --sysroot=/Users/lixingkun/Library/Android/sdk/ndk-bundle/platforms/android-21/arch-arm -pie -fPIE
----------

----------------------------------------
checking for SO_REUSEPORT


----------------------------------------
checking for SO_ACCEPTFILTER

objs/autotest.c: In function 'main':
objs/autotest.c:7:31: error: 'SO_ACCEPTFILTER' undeclared (first use in this function)
     setsockopt(0, SOL_SOCKET, SO_ACCEPTFILTER, NULL, 0);
                               ^
objs/autotest.c:7:31: note: each undeclared identifier is reported only once for each function it appears in
----------

#include <sys/types.h>
#include <unistd.h>
#include <sys/socket.h>

int main(void) {
    setsockopt(0, SOL_SOCKET, SO_ACCEPTFILTER, NULL, 0);
    return 0;
}

----------
/Users/lixingkun/Library/Android/sdk/ndk-bundle/toolchains/arm-linux-androideabi-4.9/prebuilt/darwin-x86_64/bin/arm-linux-androideabi-gcc --sysroot=/Users/lixingkun/Library/Android/sdk/ndk-bundle/platforms/android-21/arch-arm -Wno-sign-compare -pie -fPIE --sysroot=/Users/lixingkun/Library/Android/sdk/ndk-bundle/platforms/android-21/arch-arm -o objs/autotest objs/autotest.c --sysroot=/Users/lixingkun/Library/Android/sdk/ndk-bundle/platforms/android-21/arch-arm -pie -fPIE
----------

----------------------------------------
checking for SO_BINDANY

objs/autotest.c: In function 'main':
objs/autotest.c:7:31: error: 'SO_BINDANY' undeclared (first use in this function)
     setsockopt(0, SOL_SOCKET, SO_BINDANY, NULL, 0);
                               ^
objs/autotest.c:7:31: note: each undeclared identifier is reported only once for each function it appears in
----------

#include <sys/types.h>
#include <unistd.h>
#include <sys/socket.h>

int main(void) {
    setsockopt(0, SOL_SOCKET, SO_BINDANY, NULL, 0);
    return 0;
}

----------
/Users/lixingkun/Library/Android/sdk/ndk-bundle/toolchains/arm-linux-androideabi-4.9/prebuilt/darwin-x86_64/bin/arm-linux-androideabi-gcc --sysroot=/Users/lixingkun/Library/Android/sdk/ndk-bundle/platforms/android-21/arch-arm -Wno-sign-compare -pie -fPIE --sysroot=/Users/lixingkun/Library/Android/sdk/ndk-bundle/platforms/android-21/arch-arm -o objs/autotest objs/autotest.c --sysroot=/Users/lixingkun/Library/Android/sdk/ndk-bundle/platforms/android-21/arch-arm -pie -fPIE
----------

----------------------------------------
checking for IP_BIND_ADDRESS_NO_PORT

objs/autotest.c: In function 'main':
objs/autotest.c:8:31: error: 'IP_BIND_ADDRESS_NO_PORT' undeclared (first use in this function)
     setsockopt(0, IPPROTO_IP, IP_BIND_ADDRESS_NO_PORT, NULL, 0);
                               ^
objs/autotest.c:8:31: note: each undeclared identifier is reported only once for each function it appears in
----------

#include <sys/types.h>
#include <unistd.h>
#include <sys/socket.h>
                  #include <netinet/in.h>

int main(void) {
    setsockopt(0, IPPROTO_IP, IP_BIND_ADDRESS_NO_PORT, NULL, 0);
    return 0;
}

----------
/Users/lixingkun/Library/Android/sdk/ndk-bundle/toolchains/arm-linux-androideabi-4.9/prebuilt/darwin-x86_64/bin/arm-linux-androideabi-gcc --sysroot=/Users/lixingkun/Library/Android/sdk/ndk-bundle/platforms/android-21/arch-arm -Wno-sign-compare -pie -fPIE --sysroot=/Users/lixingkun/Library/Android/sdk/ndk-bundle/platforms/android-21/arch-arm -o objs/autotest objs/autotest.c --sysroot=/Users/lixingkun/Library/Android/sdk/ndk-bundle/platforms/android-21/arch-arm -pie -fPIE
----------

----------------------------------------
checking for IP_TRANSPARENT


----------------------------------------
checking for IP_BINDANY

objs/autotest.c: In function 'main':
objs/autotest.c:8:31: error: 'IP_BINDANY' undeclared (first use in this function)
     setsockopt(0, IPPROTO_IP, IP_BINDANY, NULL, 0);
                               ^
objs/autotest.c:8:31: note: each undeclared identifier is reported only once for each function it appears in
----------

#include <sys/types.h>
#include <unistd.h>
#include <sys/socket.h>
                  #include <netinet/in.h>

int main(void) {
    setsockopt(0, IPPROTO_IP, IP_BINDANY, NULL, 0);
    return 0;
}

----------
/Users/lixingkun/Library/Android/sdk/ndk-bundle/toolchains/arm-linux-androideabi-4.9/prebuilt/darwin-x86_64/bin/arm-linux-androideabi-gcc --sysroot=/Users/lixingkun/Library/Android/sdk/ndk-bundle/platforms/android-21/arch-arm -Wno-sign-compare -pie -fPIE --sysroot=/Users/lixingkun/Library/Android/sdk/ndk-bundle/platforms/android-21/arch-arm -o objs/autotest objs/autotest.c --sysroot=/Users/lixingkun/Library/Android/sdk/ndk-bundle/platforms/android-21/arch-arm -pie -fPIE
----------

----------------------------------------
checking for IP_RECVDSTADDR

objs/autotest.c: In function 'main':
objs/autotest.c:8:31: error: 'IP_RECVDSTADDR' undeclared (first use in this function)
     setsockopt(0, IPPROTO_IP, IP_RECVDSTADDR, NULL, 0);
                               ^
objs/autotest.c:8:31: note: each undeclared identifier is reported only once for each function it appears in
----------

#include <sys/types.h>
#include <unistd.h>
#include <sys/socket.h>
                  #include <netinet/in.h>

int main(void) {
    setsockopt(0, IPPROTO_IP, IP_RECVDSTADDR, NULL, 0);
    return 0;
}

----------
/Users/lixingkun/Library/Android/sdk/ndk-bundle/toolchains/arm-linux-androideabi-4.9/prebuilt/darwin-x86_64/bin/arm-linux-androideabi-gcc --sysroot=/Users/lixingkun/Library/Android/sdk/ndk-bundle/platforms/android-21/arch-arm -Wno-sign-compare -pie -fPIE --sysroot=/Users/lixingkun/Library/Android/sdk/ndk-bundle/platforms/android-21/arch-arm -o objs/autotest objs/autotest.c --sysroot=/Users/lixingkun/Library/Android/sdk/ndk-bundle/platforms/android-21/arch-arm -pie -fPIE
----------

----------------------------------------
checking for IP_SENDSRCADDR

objs/autotest.c: In function 'main':
objs/autotest.c:8:31: error: 'IP_SENDSRCADDR' undeclared (first use in this function)
     setsockopt(0, IPPROTO_IP, IP_SENDSRCADDR, NULL, 0);
                               ^
objs/autotest.c:8:31: note: each undeclared identifier is reported only once for each function it appears in
----------

#include <sys/types.h>
#include <unistd.h>
#include <sys/socket.h>
                  #include <netinet/in.h>

int main(void) {
    setsockopt(0, IPPROTO_IP, IP_SENDSRCADDR, NULL, 0);
    return 0;
}

----------
/Users/lixingkun/Library/Android/sdk/ndk-bundle/toolchains/arm-linux-androideabi-4.9/prebuilt/darwin-x86_64/bin/arm-linux-androideabi-gcc --sysroot=/Users/lixingkun/Library/Android/sdk/ndk-bundle/platforms/android-21/arch-arm -Wno-sign-compare -pie -fPIE --sysroot=/Users/lixingkun/Library/Android/sdk/ndk-bundle/platforms/android-21/arch-arm -o objs/autotest objs/autotest.c --sysroot=/Users/lixingkun/Library/Android/sdk/ndk-bundle/platforms/android-21/arch-arm -pie -fPIE
----------

----------------------------------------
checking for IP_PKTINFO


----------------------------------------
checking for IPV6_RECVPKTINFO


----------------------------------------
checking for TCP_DEFER_ACCEPT


----------------------------------------
checking for TCP_KEEPIDLE


----------------------------------------
checking for TCP_FASTOPEN


----------------------------------------
checking for TCP_INFO


----------------------------------------
checking for accept4()


----------------------------------------
checking for eventfd()


----------------------------------------
checking for int size


----------------------------------------
checking for long size


----------------------------------------
checking for long long size


----------------------------------------
checking for void * size


----------------------------------------
checking for uint32_t


----------------------------------------
checking for uint64_t


----------------------------------------
checking for sig_atomic_t


----------------------------------------
checking for sig_atomic_t size


----------------------------------------
checking for socklen_t


----------------------------------------
checking for in_addr_t

objs/autotest.c: In function 'main':
objs/autotest.c:11:5: error: unknown type name 'in_addr_t'
     in_addr_t i = 0;
     ^
----------

#include <sys/types.h>
#include <signal.h>
#include <sys/socket.h>
#include <sys/time.h>
#include <sys/resource.h>
#include <netinet/in.h>
#include <inttypes.h>

int main(void) {
    in_addr_t i = 0;
    return (int) i;
}

----------
/Users/lixingkun/Library/Android/sdk/ndk-bundle/toolchains/arm-linux-androideabi-4.9/prebuilt/darwin-x86_64/bin/arm-linux-androideabi-gcc --sysroot=/Users/lixingkun/Library/Android/sdk/ndk-bundle/platforms/android-21/arch-arm -Wno-sign-compare -pie -fPIE --sysroot=/Users/lixingkun/Library/Android/sdk/ndk-bundle/platforms/android-21/arch-arm -o objs/autotest objs/autotest.c --sysroot=/Users/lixingkun/Library/Android/sdk/ndk-bundle/platforms/android-21/arch-arm -pie -fPIE
----------

----------------------------------------
checking for in_port_t

objs/autotest.c: In function 'main':
objs/autotest.c:11:5: error: unknown type name 'in_port_t'
     in_port_t i = 0;
     ^
----------

#include <sys/types.h>
#include <signal.h>
#include <sys/socket.h>
#include <sys/time.h>
#include <sys/resource.h>
#include <netinet/in.h>
#include <inttypes.h>

int main(void) {
    in_port_t i = 0;
    return (int) i;
}

----------
/Users/lixingkun/Library/Android/sdk/ndk-bundle/toolchains/arm-linux-androideabi-4.9/prebuilt/darwin-x86_64/bin/arm-linux-androideabi-gcc --sysroot=/Users/lixingkun/Library/Android/sdk/ndk-bundle/platforms/android-21/arch-arm -Wno-sign-compare -pie -fPIE --sysroot=/Users/lixingkun/Library/Android/sdk/ndk-bundle/platforms/android-21/arch-arm -o objs/autotest objs/autotest.c --sysroot=/Users/lixingkun/Library/Android/sdk/ndk-bundle/platforms/android-21/arch-arm -pie -fPIE
----------

----------------------------------------
checking for rlim_t


----------------------------------------
checking for uintptr_t


----------------------------------------
checking for system byte ordering


----------------------------------------
checking for size_t size


----------------------------------------
checking for off_t size


----------------------------------------
checking for time_t size


----------------------------------------
checking for AF_INET6


----------------------------------------
checking for setproctitle()

/var/folders/y3/s8t30qdx7bd5c38cx1ytqk040000gn/T//ccmjRoZ5.o:autotest.c:function main: error: undefined reference to 'setproctitle'
collect2: error: ld returned 1 exit status
----------

#include <sys/types.h>
#include <unistd.h>
#include <stdlib.h>

int main(void) {
    setproctitle("test");;
    return 0;
}

----------
/Users/lixingkun/Library/Android/sdk/ndk-bundle/toolchains/arm-linux-androideabi-4.9/prebuilt/darwin-x86_64/bin/arm-linux-androideabi-gcc --sysroot=/Users/lixingkun/Library/Android/sdk/ndk-bundle/platforms/android-21/arch-arm -Wno-sign-compare -pie -fPIE --sysroot=/Users/lixingkun/Library/Android/sdk/ndk-bundle/platforms/android-21/arch-arm -o objs/autotest objs/autotest.c --sysroot=/Users/lixingkun/Library/Android/sdk/ndk-bundle/platforms/android-21/arch-arm -pie -fPIE
----------

----------------------------------------
checking for pread()


----------------------------------------
checking for pwrite()


----------------------------------------
checking for pwritev()

/var/folders/y3/s8t30qdx7bd5c38cx1ytqk040000gn/T//cceO0pP5.o:autotest.c:function main: error: undefined reference to 'pwritev'
collect2: error: ld returned 1 exit status
----------

#include <sys/types.h>
#include <unistd.h>
#include <sys/uio.h>

int main(void) {
    char buf[1]; struct iovec vec[1]; ssize_t n;
                  vec[0].iov_base = buf;
                  vec[0].iov_len = 1;
                  n = pwritev(1, vec, 1, 0);
                  if (n == -1) return 1;
    return 0;
}

----------
/Users/lixingkun/Library/Android/sdk/ndk-bundle/toolchains/arm-linux-androideabi-4.9/prebuilt/darwin-x86_64/bin/arm-linux-androideabi-gcc --sysroot=/Users/lixingkun/Library/Android/sdk/ndk-bundle/platforms/android-21/arch-arm -Wno-sign-compare -pie -fPIE --sysroot=/Users/lixingkun/Library/Android/sdk/ndk-bundle/platforms/android-21/arch-arm -o objs/autotest objs/autotest.c --sysroot=/Users/lixingkun/Library/Android/sdk/ndk-bundle/platforms/android-21/arch-arm -pie -fPIE
----------

----------------------------------------
checking for sys_nerr

objs/autotest.c: In function 'main':
objs/autotest.c:8:18: error: 'sys_nerr' undeclared (first use in this function)
     printf("%d", sys_nerr);;
                  ^
objs/autotest.c:8:18: note: each undeclared identifier is reported only once for each function it appears in
----------

#include <sys/types.h>
#include <unistd.h>
#include <errno.h>
                  #include <stdio.h>

int main(void) {
    printf("%d", sys_nerr);;
    return 0;
}

----------
/Users/lixingkun/Library/Android/sdk/ndk-bundle/toolchains/arm-linux-androideabi-4.9/prebuilt/darwin-x86_64/bin/arm-linux-androideabi-gcc --sysroot=/Users/lixingkun/Library/Android/sdk/ndk-bundle/platforms/android-21/arch-arm -Wno-sign-compare -pie -fPIE --sysroot=/Users/lixingkun/Library/Android/sdk/ndk-bundle/platforms/android-21/arch-arm -o objs/autotest objs/autotest.c --sysroot=/Users/lixingkun/Library/Android/sdk/ndk-bundle/platforms/android-21/arch-arm -pie -fPIE
----------

----------------------------------------
checking for _sys_nerr

objs/autotest.c: In function 'main':
objs/autotest.c:8:18: error: '_sys_nerr' undeclared (first use in this function)
     printf("%d", _sys_nerr);;
                  ^
objs/autotest.c:8:18: note: each undeclared identifier is reported only once for each function it appears in
----------

#include <sys/types.h>
#include <unistd.h>
#include <errno.h>
                      #include <stdio.h>

int main(void) {
    printf("%d", _sys_nerr);;
    return 0;
}

----------
/Users/lixingkun/Library/Android/sdk/ndk-bundle/toolchains/arm-linux-androideabi-4.9/prebuilt/darwin-x86_64/bin/arm-linux-androideabi-gcc --sysroot=/Users/lixingkun/Library/Android/sdk/ndk-bundle/platforms/android-21/arch-arm -Wno-sign-compare -pie -fPIE --sysroot=/Users/lixingkun/Library/Android/sdk/ndk-bundle/platforms/android-21/arch-arm -o objs/autotest objs/autotest.c --sysroot=/Users/lixingkun/Library/Android/sdk/ndk-bundle/platforms/android-21/arch-arm -pie -fPIE
----------

----------------------------------------
checking for maximum errno

41
----------------------------------------
checking for localtime_r()


----------------------------------------
checking for posix_memalign()


----------------------------------------
checking for memalign()


----------------------------------------
checking for mmap(MAP_ANON|MAP_SHARED)


----------------------------------------
checking for mmap("/dev/zero", MAP_SHARED)


----------------------------------------
checking for System V shared memory

/var/folders/y3/s8t30qdx7bd5c38cx1ytqk040000gn/T//ccsmIGST.o:autotest.c:function main: error: undefined reference to 'shmget'
/var/folders/y3/s8t30qdx7bd5c38cx1ytqk040000gn/T//ccsmIGST.o:autotest.c:function main: error: undefined reference to 'shmctl'
collect2: error: ld returned 1 exit status
----------

#include <sys/types.h>
#include <unistd.h>
#include <sys/ipc.h>
                  #include <sys/shm.h>

int main(void) {
    int  id;
                  id = shmget(IPC_PRIVATE, 4096, (SHM_R|SHM_W|IPC_CREAT));
                  if (id == -1) return 1;
                  shmctl(id, IPC_RMID, NULL);;
    return 0;
}

----------
/Users/lixingkun/Library/Android/sdk/ndk-bundle/toolchains/arm-linux-androideabi-4.9/prebuilt/darwin-x86_64/bin/arm-linux-androideabi-gcc --sysroot=/Users/lixingkun/Library/Android/sdk/ndk-bundle/platforms/android-21/arch-arm -Wno-sign-compare -pie -fPIE --sysroot=/Users/lixingkun/Library/Android/sdk/ndk-bundle/platforms/android-21/arch-arm -o objs/autotest objs/autotest.c --sysroot=/Users/lixingkun/Library/Android/sdk/ndk-bundle/platforms/android-21/arch-arm -pie -fPIE
----------

----------------------------------------
checking for POSIX semaphores


----------------------------------------
checking for struct msghdr.msg_control


----------------------------------------
checking for ioctl(FIONBIO)


----------------------------------------
checking for struct tm.tm_gmtoff


----------------------------------------
checking for struct dirent.d_namlen

objs/autotest.c: In function 'main':
objs/autotest.c:8:28: error: 'struct dirent' has no member named 'd_namlen'
     struct dirent  dir; dir.d_namlen = 0;
                            ^
objs/autotest.c:9:41: error: 'struct dirent' has no member named 'd_namlen'
                   printf("%d", (int) dir.d_namlen);
                                         ^
----------

#include <sys/types.h>
#include <unistd.h>
#include <dirent.h>
                  #include <stdio.h>

int main(void) {
    struct dirent  dir; dir.d_namlen = 0;
                  printf("%d", (int) dir.d_namlen);
    return 0;
}

----------
/Users/lixingkun/Library/Android/sdk/ndk-bundle/toolchains/arm-linux-androideabi-4.9/prebuilt/darwin-x86_64/bin/arm-linux-androideabi-gcc --sysroot=/Users/lixingkun/Library/Android/sdk/ndk-bundle/platforms/android-21/arch-arm -Wno-sign-compare -pie -fPIE --sysroot=/Users/lixingkun/Library/Android/sdk/ndk-bundle/platforms/android-21/arch-arm -o objs/autotest objs/autotest.c --sysroot=/Users/lixingkun/Library/Android/sdk/ndk-bundle/platforms/android-21/arch-arm -pie -fPIE
----------

----------------------------------------
checking for struct dirent.d_type


----------------------------------------
checking for sysconf(_SC_NPROCESSORS_ONLN)


----------------------------------------
checking for openat(), fstatat()


----------------------------------------
checking for getaddrinfo()

